<?xml version="1.0" encoding="UTF-8"?>
<!-- Generated by org.testng.reporters.JUnitReportReporter -->
<testsuite hostname="DESKTOP-L0D5BQU" failures="0" tests="4" name="api.test.UserTestWithFaker" time="5.795" errors="0" timestamp="2025-03-16T06:35:06 IST" skipped="0">
  <testcase classname="api.test.UserTestWithFaker" name="testCreateUser" time="4.021"/>
  <testcase classname="api.test.UserTestWithFaker" name="testGetUser" time="0.469"/>
  <testcase classname="api.test.UserTestWithFaker" name="testUpdateUser" time="0.678"/>
  <testcase classname="api.test.UserTestWithFaker" name="testDeleteUser" time="0.627"/>
</testsuite> <!-- api.test.UserTestWithFaker -->
