<?xml version="1.0" encoding="UTF-8"?>
<!-- Generated by org.testng.reporters.JUnitReportReporter -->
<testsuite hostname="DESKTOP-L0D5BQU" failures="0" tests="4" name="api.test.UserTest" time="6.133" errors="0" timestamp="2025-03-14T07:04:10 IST" skipped="0">
  <testcase classname="api.test.UserTest" name="testCreateUser" time="4.706"/>
  <testcase classname="api.test.UserTest" name="testGetUser" time="0.238"/>
  <testcase classname="api.test.UserTest" name="testUpdateUser" time="0.597"/>
  <testcase classname="api.test.UserTest" name="testDeleteUser" time="0.592"/>
</testsuite> <!-- api.test.UserTest -->
