<?xml version="1.0" encoding="UTF-8"?>
<!-- Generated by org.testng.reporters.JUnitReportReporter -->
<testsuite hostname="DESKTOP-L0D5BQU" failures="0" tests="2" name="api.test.DDUserTest" time="1.643" errors="0" timestamp="2025-03-14T07:04:10 IST" skipped="0">
  <testcase classname="api.test.DDUserTest" name="testPostUser" time="0.806"/>
  <testcase classname="api.test.DDUserTest" name="testPostUser" time="0.837"/>
</testsuite> <!-- api.test.DDUserTest -->
